2025-02-21 19:50:46,079 [INFO] 同步完成，共处理 0 项操作
2025-02-21 20:05:48,123 [INFO] 需要同步 ← WinRepair1128_1003.exe
2025-02-21 20:05:48,123 [INFO] 需要同步 ← Chatbox-1.9.8-Setup.exe
2025-02-21 20:05:48,123 [INFO] 需要同步 ← tesseract_env_check.ps1
2025-02-21 20:05:48,123 [INFO] 需要同步 ← Cursor Setup 0.45.11 - x64.exe
2025-02-21 20:05:48,123 [INFO] 需要同步 ← vs_BuildTools.exe
2025-02-21 20:05:48,123 [INFO] 需要同步 ← tesseract_check.ps1
2025-02-21 20:05:48,123 [INFO] 需要同步 ← tesseract-ocr-w64-setup-5.3.3.20231005.exe
2025-02-21 20:05:48,123 [INFO] 需要同步 ← openhardwaremonitor-v0.9.6.zip
2025-02-21 20:05:48,123 [INFO] 需要同步 ← python-3.14.0a4-amd64.exe
2025-02-21 20:05:48,123 [INFO] 需要同步 ← python-3.10.11-amd64.exe
2025-02-21 20:05:48,123 [INFO] 开始同步操作（模拟运行）
2025-02-21 20:05:48,123 [INFO] [模拟] 复制 WinRepair1128_1003.exe → C:\Users\Administrator\Desktop\111\WinRepair1128_1003.exe
2025-02-21 20:05:48,123 [INFO] [模拟] 复制 Chatbox-1.9.8-Setup.exe → C:\Users\Administrator\Desktop\111\Chatbox-1.9.8-Setup.exe
2025-02-21 20:05:48,123 [INFO] [模拟] 复制 tesseract_env_check.ps1 → C:\Users\Administrator\Desktop\111\tesseract_env_check.ps1
2025-02-21 20:05:48,123 [INFO] [模拟] 复制 Cursor Setup 0.45.11 - x64.exe → C:\Users\Administrator\Desktop\111\Cursor Setup 0.45.11 - x64.exe
2025-02-21 20:05:48,123 [INFO] [模拟] 复制 vs_BuildTools.exe → C:\Users\Administrator\Desktop\111\vs_BuildTools.exe
2025-02-21 20:05:48,123 [INFO] [模拟] 复制 tesseract_check.ps1 → C:\Users\Administrator\Desktop\111\tesseract_check.ps1
2025-02-21 20:05:48,123 [INFO] [模拟] 复制 tesseract-ocr-w64-setup-5.3.3.20231005.exe → C:\Users\Administrator\Desktop\111\tesseract-ocr-w64-setup-5.3.3.20231005.exe
2025-02-21 20:05:48,123 [INFO] [模拟] 复制 openhardwaremonitor-v0.9.6.zip → C:\Users\Administrator\Desktop\111\openhardwaremonitor-v0.9.6.zip
2025-02-21 20:05:48,123 [INFO] [模拟] 复制 python-3.14.0a4-amd64.exe → C:\Users\Administrator\Desktop\111\python-3.14.0a4-amd64.exe
2025-02-21 20:05:48,123 [INFO] [模拟] 复制 python-3.10.11-amd64.exe → C:\Users\Administrator\Desktop\111\python-3.10.11-amd64.exe
2025-02-21 20:05:48,123 [INFO] 同步完成，共处理 10 项操作
2025-02-21 20:05:53,321 [INFO] 需要同步 ← WinRepair1128_1003.exe
2025-02-21 20:05:53,321 [INFO] 需要同步 ← Chatbox-1.9.8-Setup.exe
2025-02-21 20:05:53,321 [INFO] 需要同步 ← tesseract_env_check.ps1
2025-02-21 20:05:53,321 [INFO] 需要同步 ← Cursor Setup 0.45.11 - x64.exe
2025-02-21 20:05:53,321 [INFO] 需要同步 ← vs_BuildTools.exe
2025-02-21 20:05:53,321 [INFO] 需要同步 ← tesseract_check.ps1
2025-02-21 20:05:53,321 [INFO] 需要同步 ← tesseract-ocr-w64-setup-5.3.3.20231005.exe
2025-02-21 20:05:53,321 [INFO] 需要同步 ← openhardwaremonitor-v0.9.6.zip
2025-02-21 20:05:53,321 [INFO] 需要同步 ← python-3.14.0a4-amd64.exe
2025-02-21 20:05:53,321 [INFO] 需要同步 ← python-3.10.11-amd64.exe
2025-02-21 20:05:53,321 [INFO] 开始同步操作（实际执行）
2025-02-21 20:05:53,336 [INFO] 已复制 WinRepair1128_1003.exe → C:\Users\Administrator\Desktop\111\WinRepair1128_1003.exe
2025-02-21 20:05:53,336 [INFO] 进度: 1/10 (10.0%)
2025-02-21 20:05:53,381 [INFO] 已复制 Chatbox-1.9.8-Setup.exe → C:\Users\Administrator\Desktop\111\Chatbox-1.9.8-Setup.exe
2025-02-21 20:05:53,381 [INFO] 进度: 2/10 (20.0%)
2025-02-21 20:05:53,381 [INFO] 已复制 tesseract_env_check.ps1 → C:\Users\Administrator\Desktop\111\tesseract_env_check.ps1
2025-02-21 20:05:53,381 [INFO] 进度: 3/10 (30.0%)
2025-02-21 20:05:53,425 [INFO] 已复制 Cursor Setup 0.45.11 - x64.exe → C:\Users\Administrator\Desktop\111\Cursor Setup 0.45.11 - x64.exe
2025-02-21 20:05:53,425 [INFO] 进度: 4/10 (40.0%)
2025-02-21 20:05:53,425 [INFO] 已复制 vs_BuildTools.exe → C:\Users\Administrator\Desktop\111\vs_BuildTools.exe
2025-02-21 20:05:53,425 [INFO] 进度: 5/10 (50.0%)
2025-02-21 20:05:53,425 [INFO] 已复制 tesseract_check.ps1 → C:\Users\Administrator\Desktop\111\tesseract_check.ps1
2025-02-21 20:05:53,425 [INFO] 进度: 6/10 (60.0%)
2025-02-21 20:05:53,446 [INFO] 已复制 tesseract-ocr-w64-setup-5.3.3.20231005.exe → C:\Users\Administrator\Desktop\111\tesseract-ocr-w64-setup-5.3.3.20231005.exe
2025-02-21 20:05:53,446 [INFO] 进度: 7/10 (70.0%)
2025-02-21 20:05:53,456 [INFO] 已复制 openhardwaremonitor-v0.9.6.zip → C:\Users\Administrator\Desktop\111\openhardwaremonitor-v0.9.6.zip
2025-02-21 20:05:53,456 [INFO] 进度: 8/10 (80.0%)
2025-02-21 20:05:53,466 [INFO] 已复制 python-3.14.0a4-amd64.exe → C:\Users\Administrator\Desktop\111\python-3.14.0a4-amd64.exe
2025-02-21 20:05:53,468 [INFO] 进度: 9/10 (90.0%)
2025-02-21 20:05:53,478 [INFO] 已复制 python-3.10.11-amd64.exe → C:\Users\Administrator\Desktop\111\python-3.10.11-amd64.exe
2025-02-21 20:05:53,478 [INFO] 进度: 10/10 (100.0%)
2025-02-21 20:05:53,478 [INFO] 同步完成，共处理 10 项操作
2025-02-21 20:10:09,130 [INFO] 需要同步 ← python基础内容\python变量、字符串.docx
2025-02-21 20:10:09,130 [INFO] 需要同步 ← python基础内容\python函数（最基本的魔法）.docx
2025-02-21 20:10:09,130 [INFO] 需要同步 ← python核心笔记.pdf
2025-02-21 20:10:09,130 [INFO] 需要同步 ← python基础内容
2025-02-21 20:10:09,130 [INFO] 需要同步 ← python.xmind
2025-02-21 20:10:09,130 [INFO] 需要同步 ← python基础内容\python数据类型.docx
2025-02-21 20:10:09,130 [INFO] 需要同步 ← python基础内容\python类（class）.docx
2025-02-21 20:10:09,130 [INFO] 需要同步 ← python创建图形界面\python tkinter模块引入GUI图形界面.docx
2025-02-21 20:10:09,130 [INFO] 需要同步 ← python基础内容\python循环与判断.docx
2025-02-21 20:10:09,130 [INFO] 需要同步 ← python基础内容\python数据结构(Data structure).docx
2025-02-21 20:10:09,130 [INFO] 需要同步 ← python创建图形界面
2025-02-21 20:10:09,130 [INFO] 开始同步操作（模拟运行）
2025-02-21 20:10:09,130 [INFO] [模拟] 复制 python变量、字符串.docx → C:\Users\Administrator\Desktop\111\python基础内容\python变量、字符串.docx
2025-02-21 20:10:09,130 [INFO] [模拟] 复制 python函数（最基本的魔法）.docx → C:\Users\Administrator\Desktop\111\python基础内容\python函数（最基本的魔法）.docx
2025-02-21 20:10:09,130 [INFO] [模拟] 复制 python核心笔记.pdf → C:\Users\Administrator\Desktop\111\python核心笔记.pdf
2025-02-21 20:10:09,130 [INFO] [模拟] 创建目录 python基础内容
2025-02-21 20:10:09,130 [INFO] [模拟] 复制 python.xmind → C:\Users\Administrator\Desktop\111\python.xmind
2025-02-21 20:10:09,130 [INFO] [模拟] 复制 python数据类型.docx → C:\Users\Administrator\Desktop\111\python基础内容\python数据类型.docx
2025-02-21 20:10:09,130 [INFO] [模拟] 复制 python类（class）.docx → C:\Users\Administrator\Desktop\111\python基础内容\python类（class）.docx
2025-02-21 20:10:09,130 [INFO] [模拟] 复制 python tkinter模块引入GUI图形界面.docx → C:\Users\Administrator\Desktop\111\python创建图形界面\python tkinter模块引入GUI图形界面.docx
2025-02-21 20:10:09,130 [INFO] [模拟] 复制 python循环与判断.docx → C:\Users\Administrator\Desktop\111\python基础内容\python循环与判断.docx
2025-02-21 20:10:09,130 [INFO] [模拟] 复制 python数据结构(Data structure).docx → C:\Users\Administrator\Desktop\111\python基础内容\python数据结构(Data structure).docx
2025-02-21 20:10:09,130 [INFO] [模拟] 创建目录 python创建图形界面
2025-02-21 20:10:09,130 [INFO] 同步完成，共处理 11 项操作
2025-02-21 20:10:11,743 [INFO] 需要同步 ← python基础内容\python变量、字符串.docx
2025-02-21 20:10:11,743 [INFO] 需要同步 ← python基础内容\python函数（最基本的魔法）.docx
2025-02-21 20:10:11,743 [INFO] 需要同步 ← python核心笔记.pdf
2025-02-21 20:10:11,743 [INFO] 需要同步 ← python基础内容
2025-02-21 20:10:11,743 [INFO] 需要同步 ← python.xmind
2025-02-21 20:10:11,743 [INFO] 需要同步 ← python基础内容\python数据类型.docx
2025-02-21 20:10:11,743 [INFO] 需要同步 ← python基础内容\python类（class）.docx
2025-02-21 20:10:11,743 [INFO] 需要同步 ← python创建图形界面\python tkinter模块引入GUI图形界面.docx
2025-02-21 20:10:11,743 [INFO] 需要同步 ← python基础内容\python循环与判断.docx
2025-02-21 20:10:11,743 [INFO] 需要同步 ← python基础内容\python数据结构(Data structure).docx
2025-02-21 20:10:11,743 [INFO] 需要同步 ← python创建图形界面
2025-02-21 20:10:11,743 [INFO] 开始同步操作（实际执行）
2025-02-21 20:10:11,743 [INFO] 已复制 python变量、字符串.docx → C:\Users\Administrator\Desktop\111\python基础内容\python变量、字符串.docx
2025-02-21 20:10:11,743 [INFO] 进度: 1/11 (9.1%)
2025-02-21 20:10:11,760 [INFO] 已复制 python函数（最基本的魔法）.docx → C:\Users\Administrator\Desktop\111\python基础内容\python函数（最基本的魔法）.docx
2025-02-21 20:10:11,760 [INFO] 进度: 2/11 (18.2%)
2025-02-21 20:10:11,766 [INFO] 已复制 python核心笔记.pdf → C:\Users\Administrator\Desktop\111\python核心笔记.pdf
2025-02-21 20:10:11,766 [INFO] 进度: 3/11 (27.3%)
2025-02-21 20:10:11,768 [INFO] 已创建目录 python基础内容
2025-02-21 20:10:11,768 [INFO] 进度: 4/11 (36.4%)
2025-02-21 20:10:11,768 [INFO] 已复制 python.xmind → C:\Users\Administrator\Desktop\111\python.xmind
2025-02-21 20:10:11,769 [INFO] 进度: 5/11 (45.5%)
2025-02-21 20:10:11,776 [INFO] 已复制 python数据类型.docx → C:\Users\Administrator\Desktop\111\python基础内容\python数据类型.docx
2025-02-21 20:10:11,776 [INFO] 进度: 6/11 (54.5%)
2025-02-21 20:10:11,785 [INFO] 已复制 python类（class）.docx → C:\Users\Administrator\Desktop\111\python基础内容\python类（class）.docx
2025-02-21 20:10:11,785 [INFO] 进度: 7/11 (63.6%)
2025-02-21 20:10:11,792 [INFO] 已复制 python tkinter模块引入GUI图形界面.docx → C:\Users\Administrator\Desktop\111\python创建图形界面\python tkinter模块引入GUI图形界面.docx
2025-02-21 20:10:11,792 [INFO] 进度: 8/11 (72.7%)
2025-02-21 20:10:11,798 [INFO] 已复制 python循环与判断.docx → C:\Users\Administrator\Desktop\111\python基础内容\python循环与判断.docx
2025-02-21 20:10:11,798 [INFO] 进度: 9/11 (81.8%)
2025-02-21 20:10:11,808 [INFO] 已复制 python数据结构(Data structure).docx → C:\Users\Administrator\Desktop\111\python基础内容\python数据结构(Data structure).docx
2025-02-21 20:10:11,808 [INFO] 进度: 10/11 (90.9%)
2025-02-21 20:10:11,808 [INFO] 已创建目录 python创建图形界面
2025-02-21 20:10:11,808 [INFO] 进度: 11/11 (100.0%)
2025-02-21 20:10:11,808 [INFO] 同步完成，共处理 11 项操作
2025-02-21 20:16:30,430 [INFO] 需要同步 ← tesseract_check.ps1
2025-02-21 20:16:30,430 [INFO] 需要同步 ← Cursor Setup 0.45.11 - x64.exe
2025-02-21 20:16:30,430 [INFO] 需要同步 ← python-3.14.0a4-amd64.exe
2025-02-21 20:16:30,430 [INFO] 需要同步 ← WinRepair1128_1003.exe
2025-02-21 20:16:30,430 [INFO] 需要同步 ← tesseract-ocr-w64-setup-5.3.3.20231005.exe
2025-02-21 20:16:30,430 [INFO] 需要同步 ← vs_BuildTools.exe
2025-02-21 20:16:30,430 [INFO] 需要同步 ← openhardwaremonitor-v0.9.6.zip
2025-02-21 20:16:30,430 [INFO] 需要同步 ← python-3.10.11-amd64.exe
2025-02-21 20:16:30,430 [INFO] 需要同步 ← tesseract_env_check.ps1
2025-02-21 20:16:30,430 [INFO] 需要同步 ← Chatbox-1.9.8-Setup.exe
2025-02-21 20:16:30,430 [INFO] 开始同步操作（模拟运行）
2025-02-21 20:16:30,430 [INFO] [模拟] 复制 tesseract_check.ps1 → C:\Users\Administrator\Desktop\111\tesseract_check.ps1
2025-02-21 20:16:30,430 [INFO] [模拟] 复制 Cursor Setup 0.45.11 - x64.exe → C:\Users\Administrator\Desktop\111\Cursor Setup 0.45.11 - x64.exe
2025-02-21 20:16:30,430 [INFO] [模拟] 复制 python-3.14.0a4-amd64.exe → C:\Users\Administrator\Desktop\111\python-3.14.0a4-amd64.exe
2025-02-21 20:16:30,430 [INFO] [模拟] 复制 WinRepair1128_1003.exe → C:\Users\Administrator\Desktop\111\WinRepair1128_1003.exe
2025-02-21 20:16:30,430 [INFO] [模拟] 复制 tesseract-ocr-w64-setup-5.3.3.20231005.exe → C:\Users\Administrator\Desktop\111\tesseract-ocr-w64-setup-5.3.3.20231005.exe
2025-02-21 20:16:30,430 [INFO] [模拟] 复制 vs_BuildTools.exe → C:\Users\Administrator\Desktop\111\vs_BuildTools.exe
2025-02-21 20:16:30,430 [INFO] [模拟] 复制 openhardwaremonitor-v0.9.6.zip → C:\Users\Administrator\Desktop\111\openhardwaremonitor-v0.9.6.zip
2025-02-21 20:16:30,430 [INFO] [模拟] 复制 python-3.10.11-amd64.exe → C:\Users\Administrator\Desktop\111\python-3.10.11-amd64.exe
2025-02-21 20:16:30,430 [INFO] [模拟] 复制 tesseract_env_check.ps1 → C:\Users\Administrator\Desktop\111\tesseract_env_check.ps1
2025-02-21 20:16:30,440 [INFO] [模拟] 复制 Chatbox-1.9.8-Setup.exe → C:\Users\Administrator\Desktop\111\Chatbox-1.9.8-Setup.exe
2025-02-21 20:16:30,440 [INFO] 同步完成，共处理 10 项操作
2025-02-21 20:16:33,134 [INFO] 需要同步 ← tesseract_check.ps1
2025-02-21 20:16:33,134 [INFO] 需要同步 ← Cursor Setup 0.45.11 - x64.exe
2025-02-21 20:16:33,134 [INFO] 需要同步 ← python-3.14.0a4-amd64.exe
2025-02-21 20:16:33,134 [INFO] 需要同步 ← WinRepair1128_1003.exe
2025-02-21 20:16:33,134 [INFO] 需要同步 ← tesseract-ocr-w64-setup-5.3.3.20231005.exe
2025-02-21 20:16:33,134 [INFO] 需要同步 ← vs_BuildTools.exe
2025-02-21 20:16:33,134 [INFO] 需要同步 ← openhardwaremonitor-v0.9.6.zip
2025-02-21 20:16:33,134 [INFO] 需要同步 ← python-3.10.11-amd64.exe
2025-02-21 20:16:33,134 [INFO] 需要同步 ← tesseract_env_check.ps1
2025-02-21 20:16:33,134 [INFO] 需要同步 ← Chatbox-1.9.8-Setup.exe
2025-02-21 20:16:33,134 [INFO] 开始同步操作（实际执行）
2025-02-21 20:16:33,134 [INFO] 已复制 tesseract_check.ps1 → C:\Users\Administrator\Desktop\111\tesseract_check.ps1
2025-02-21 20:16:33,134 [INFO] 进度: 1/10 (10.0%)
2025-02-21 20:16:33,172 [INFO] 已复制 Cursor Setup 0.45.11 - x64.exe → C:\Users\Administrator\Desktop\111\Cursor Setup 0.45.11 - x64.exe
2025-02-21 20:16:33,172 [INFO] 进度: 2/10 (20.0%)
2025-02-21 20:16:33,187 [INFO] 已复制 python-3.14.0a4-amd64.exe → C:\Users\Administrator\Desktop\111\python-3.14.0a4-amd64.exe
2025-02-21 20:16:33,187 [INFO] 进度: 3/10 (30.0%)
2025-02-21 20:16:33,195 [INFO] 已复制 WinRepair1128_1003.exe → C:\Users\Administrator\Desktop\111\WinRepair1128_1003.exe
2025-02-21 20:16:33,195 [INFO] 进度: 4/10 (40.0%)
2025-02-21 20:16:33,213 [INFO] 已复制 tesseract-ocr-w64-setup-5.3.3.20231005.exe → C:\Users\Administrator\Desktop\111\tesseract-ocr-w64-setup-5.3.3.20231005.exe
2025-02-21 20:16:33,213 [INFO] 进度: 5/10 (50.0%)
2025-02-21 20:16:33,213 [INFO] 已复制 vs_BuildTools.exe → C:\Users\Administrator\Desktop\111\vs_BuildTools.exe
2025-02-21 20:16:33,213 [INFO] 进度: 6/10 (60.0%)
2025-02-21 20:16:33,221 [INFO] 已复制 openhardwaremonitor-v0.9.6.zip → C:\Users\Administrator\Desktop\111\openhardwaremonitor-v0.9.6.zip
2025-02-21 20:16:33,221 [INFO] 进度: 7/10 (70.0%)
2025-02-21 20:16:33,231 [INFO] 已复制 python-3.10.11-amd64.exe → C:\Users\Administrator\Desktop\111\python-3.10.11-amd64.exe
2025-02-21 20:16:33,231 [INFO] 进度: 8/10 (80.0%)
2025-02-21 20:16:33,233 [INFO] 已复制 tesseract_env_check.ps1 → C:\Users\Administrator\Desktop\111\tesseract_env_check.ps1
2025-02-21 20:16:33,233 [INFO] 进度: 9/10 (90.0%)
2025-02-21 20:16:33,273 [INFO] 已复制 Chatbox-1.9.8-Setup.exe → C:\Users\Administrator\Desktop\111\Chatbox-1.9.8-Setup.exe
2025-02-21 20:16:33,273 [INFO] 进度: 10/10 (100.0%)
2025-02-21 20:16:33,273 [INFO] 同步完成，共处理 10 项操作
